d:\tongban\course\diy-tcpip\code\pc\vs\debug\vc142.pdb
d:\tongban\course\diy-tcpip\code\pc\vs\debug\vc142.idb
d:\tongban\course\diy-tcpip\code\pc\vs\debug\ipaddr.obj
d:\tongban\course\diy-tcpip\code\pc\vs\debug\icmpv4.obj
d:\tongban\course\diy-tcpip\code\pc\vs\debug\fixq.obj
d:\tongban\course\diy-tcpip\code\pc\vs\debug\exmsg.obj
d:\tongban\course\diy-tcpip\code\pc\vs\debug\ether.obj
d:\tongban\course\diy-tcpip\code\pc\vs\debug\arp.obj
d:\tongban\course\diy-tcpip\code\pc\vs\debug\ping.obj
d:\tongban\course\diy-tcpip\code\pc\vs\debug\udp_echo_server.obj
d:\tongban\course\diy-tcpip\code\pc\vs\debug\ucp_echo_client.obj
d:\tongban\course\diy-tcpip\code\pc\vs\debug\tcp_echo_server.obj
d:\tongban\course\diy-tcpip\code\pc\vs\debug\tcp_echo_client.obj
d:\tongban\course\diy-tcpip\code\pc\vs\debug\udp.obj
d:\tongban\course\diy-tcpip\code\pc\vs\debug\tools.obj
d:\tongban\course\diy-tcpip\code\pc\vs\debug\tcp_state.obj
d:\tongban\course\diy-tcpip\code\pc\vs\debug\tcp_out.obj
d:\tongban\course\diy-tcpip\code\pc\vs\debug\tcp_in.obj
d:\tongban\course\diy-tcpip\code\pc\vs\debug\tcp_buf.obj
d:\tongban\course\diy-tcpip\code\pc\vs\debug\tcp.obj
d:\tongban\course\diy-tcpip\code\pc\vs\debug\sock.obj
d:\tongban\course\diy-tcpip\code\pc\vs\debug\raw.obj
d:\tongban\course\diy-tcpip\code\pc\vs\debug\pktbuf.obj
d:\tongban\course\diy-tcpip\code\pc\vs\debug\nlocker.obj
d:\tongban\course\diy-tcpip\code\pc\vs\debug\nlist.obj
d:\tongban\course\diy-tcpip\code\pc\vs\debug\net.obj
d:\tongban\course\diy-tcpip\code\pc\vs\debug\mblock.obj
d:\tongban\course\diy-tcpip\code\pc\vs\debug\loop.obj
d:\tongban\course\diy-tcpip\code\pc\vs\debug\ipv4.obj
d:\tongban\course\diy-tcpip\code\pc\vs\debug\sys_plat.obj
d:\tongban\course\diy-tcpip\code\pc\vs\debug\net_plat.obj
d:\tongban\course\diy-tcpip\code\pc\vs\debug\dns.obj
d:\tongban\course\diy-tcpip\code\pc\vs\debug\dbg.obj
d:\tongban\course\diy-tcpip\code\pc\vs\debug\tftp_server.obj
d:\tongban\course\diy-tcpip\code\pc\vs\debug\tftp_client.obj
d:\tongban\course\diy-tcpip\code\pc\vs\debug\tftp.obj
d:\tongban\course\diy-tcpip\code\pc\vs\debug\main.obj
d:\tongban\course\diy-tcpip\code\pc\vs\debug\download.obj
d:\tongban\course\diy-tcpip\code\pc\vs\debug\ntp.obj
d:\tongban\course\diy-tcpip\code\pc\vs\debug\httpd.obj
d:\tongban\course\diy-tcpip\code\pc\vs\debug\timer.obj
d:\tongban\course\diy-tcpip\code\pc\vs\debug\socket.obj
d:\tongban\course\diy-tcpip\code\pc\vs\debug\netif.obj
d:\tongban\course\diy-tcpip\code\pc\vs\debug\netapi.obj
d:\tongban\course\diy-tcpip\code\pc\vs\debug\netif_pcap.obj
d:\tongban\course\diy-tcpip\code\pc\vs\debug\pc.pdb
d:\tongban\course\diy-tcpip\code\pc\vs\debug\pc.tlog\cl.command.1.tlog
d:\tongban\course\diy-tcpip\code\pc\vs\debug\pc.tlog\cl.read.1.tlog
d:\tongban\course\diy-tcpip\code\pc\vs\debug\pc.tlog\cl.write.1.tlog
d:\tongban\course\diy-tcpip\code\pc\vs\debug\pc.tlog\link-cvtres.read.1.tlog
d:\tongban\course\diy-tcpip\code\pc\vs\debug\pc.tlog\link-cvtres.write.1.tlog
d:\tongban\course\diy-tcpip\code\pc\vs\debug\pc.tlog\link-rc.read.1.tlog
d:\tongban\course\diy-tcpip\code\pc\vs\debug\pc.tlog\link-rc.write.1.tlog
d:\tongban\course\diy-tcpip\code\pc\vs\debug\pc.tlog\link.command.1.tlog
d:\tongban\course\diy-tcpip\code\pc\vs\debug\pc.tlog\link.read.1.tlog
d:\tongban\course\diy-tcpip\code\pc\vs\debug\pc.tlog\link.write.1.tlog
